<?xml version="1.0" encoding="UTF-8"?>
<!-- Generated by org.testng.reporters.JUnitReportReporter -->
<testsuite skipped="0" hostname="Divyas-MacBook-Air.local" name="com.leaftaps.testcases.Login" tests="1" failures="0" timestamp="2023-12-23T20:47:46 CET" time="45.813" errors="0">
  <testcase name="loginTests" time="45.813" classname="com.leaftaps.testcases.Login"/>
  <system-out/>
</testsuite> <!-- com.leaftaps.testcases.Login -->
